// 重构日志: 3c0a14d3
// 重构日志: 17c8b3d0
// 重构日志: c155ebb7
// 重构日志: ff8aba3a
// 重构日志: 6fc329f4
// 重构日志: 4aa9809b
// 重构日志: e5d43145
// 同步 ID: 23cbe607 @ Sat Jun 20 12:15:44 UTC 2026
// 重构日志: 84015e55
// 同步 ID: d87f262e @ Sun Jun 21 17:43:02 UTC 2026
// 重构日志: 3248adb5
// 同步 ID: 0e4a0fb6 @ Wed Jun 24 17:46:17 UTC 2026
// 重构日志: 18394624
// 重构日志: b27313da
// 重构日志: 19dbbc43
// 重构日志: 2cca490c
// 重构日志: f72b70dc
// 重构日志: a28da0d8
// 重构日志: 8a9f5a69
// 同步 ID: e3f65125 @ Sun Jun 28 02:48:27 UTC 2026
// 同步 ID: dabc60ed @ Mon Jun 29 16:31:14 UTC 2026
// 重构日志: 50657faf
// 重构日志: 04c715e7
// 重构日志: dda0da3f
// 重构日志: 27f668f2
// 重构日志: dcff486e
// 重构日志: 55297339
// 重构日志: 1890f775
// 同步 ID: 3f756f5e @ Sun Jul  5 06:05:39 UTC 2026
// 同步 ID: 51ce8123 @ Sun Jul  5 08:52:56 UTC 2026
// 重构日志: 5bd565cd
// 重构日志: 89bddd04
// 重构日志: 1df781ef
// 重构日志: c6188e27
